#
# There is insufficient memory for the Java Runtime Environment to continue.
# Native memory allocation (malloc) failed to allocate 323536 bytes for Chunk::new
# Possible reasons:
#   The system is out of physical RAM or swap space
#   The process is running with CompressedOops enabled, and the Java Heap may be blocking the growth of the native heap
# Possible solutions:
#   Reduce memory load on the system
#   Increase physical memory or swap space
#   Check if swap backing store is full
#   Decrease Java heap size (-Xmx/-Xms)
#   Decrease number of Java threads
#   Decrease Java thread stack sizes (-Xss)
#   Set larger code cache with -XX:ReservedCodeCacheSize=
#   JVM is running with Unscaled Compressed Oops mode in which the Java heap is
#     placed in the first 4GB address space. The Java Heap base address is the
#     maximum limit for the native heap growth. Please use -XX:HeapBaseMinAddress
#     to set the Java Heap base and to place the Java Heap above 4GB virtual address.
# This output file may be truncated or incomplete.
#
#  Out of Memory Error (./src/hotspot/share/memory/arena.cpp:197), pid=8212, tid=7404
#
# JRE version: OpenJDK Runtime Environment AdoptOpenJDK (11.0.10+9) (build 11.0.10+9)
# Java VM: OpenJDK 64-Bit Server VM AdoptOpenJDK (11.0.10+9, mixed mode, tiered, compressed oops, g1 gc, windows-amd64)
# No core dump will be written. Minidumps are not enabled by default on client versions of Windows
#

---------------  S U M M A R Y ------------

Command Line: -Dorg.jetbrains.run.directory=C:\Users\Lenovo\qebatch4\SCRUM-Team-2\src\test\resources\features -javaagent:C:\Program Files\JetBrains\IntelliJ IDEA Community Edition 2022.1.1\lib\idea_rt.jar=51491:C:\Program Files\JetBrains\IntelliJ IDEA Community Edition 2022.1.1\bin -Dfile.encoding=UTF-8 io.cucumber.core.cli.Main --plugin org.jetbrains.plugins.cucumber.java.run.CucumberJvm5SMFormatter --name ^Cancel payment$ --glue starter.StepDefinition --glue net.serenitybdd.cucumber.actors C:/Users/Lenovo/qebatch4/SCRUM-Team-2/src/test/resources/features/checkoutpayment.feature

Host: Intel(R) Core(TM) i5-7200U CPU @ 2.50GHz, 4 cores, 3G,  Windows 10 , 64 bit Build 19041 (10.0.19041.1741)
Time: Thu Jun 30 12:58:03 2022 SE Asia Standard Time elapsed time: 42.087534 seconds (0d 0h 0m 42s)

---------------  T H R E A D  ---------------

Current thread (0x0000018664a72000):  JavaThread "C2 CompilerThread0" daemon [_thread_in_native, id=7404, stack(0x0000000cc5900000,0x0000000cc5a00000)]


Current CompileTask:
C2:  42087 3309   !   4       java.util.concurrent.ConcurrentHashMap::computeIfAbsent (576 bytes)

Stack: [0x0000000cc5900000,0x0000000cc5a00000]
Native frames: (J=compiled Java code, j=interpreted, Vv=VM code, C=native code)
V  [jvm.dll+0x5f35ea]
V  [jvm.dll+0x77c65e]
V  [jvm.dll+0x77dd2f]
V  [jvm.dll+0x77e3f3]
V  [jvm.dll+0x246c38]
V  [jvm.dll+0xbe6cc]
V  [jvm.dll+0xbedcc]
V  [jvm.dll+0x2b5ef4]
V  [jvm.dll+0x507c19]
V  [jvm.dll+0x201ce7]
V  [jvm.dll+0x1ff5ef]
V  [jvm.dll+0x1846bc]
V  [jvm.dll+0x20ec37]
V  [jvm.dll+0x20ce1b]
V  [jvm.dll+0x740b39]
V  [jvm.dll+0x739ba4]
V  [jvm.dll+0x5f2466]
C  [ucrtbase.dll+0x21bb2]
C  [KERNEL32.DLL+0x17034]
C  [ntdll.dll+0x52651]


---------------  P R O C E S S  ---------------

Threads class SMR info:
_java_thread_list=0x00000186694bfcc0, length=22, elements={
0x0000018648a25000, 0x0000018664a12000, 0x0000018664a1b000, 0x0000018664a69800,
0x0000018664a6c800, 0x0000018664a6e800, 0x0000018664a72000, 0x0000018665384800,
0x00000186653e2800, 0x00000186649a7000, 0x0000018665e40800, 0x000001866547d000,
0x0000018669f9f000, 0x0000018668cab800, 0x000001866909b800, 0x000001866864c800,
0x0000018669dbd800, 0x0000018669f78800, 0x00000186668f2800, 0x0000018666063800,
0x0000018666062000, 0x000001866605e800
}

Java Threads: ( => current thread )
  0x0000018648a25000 JavaThread "Forwarding newSession on session null to remote" [_thread_in_Java, id=12452, stack(0x0000000cc4d00000,0x0000000cc4e00000)]
  0x0000018664a12000 JavaThread "Reference Handler" daemon [_thread_blocked, id=8688, stack(0x0000000cc5400000,0x0000000cc5500000)]
  0x0000018664a1b000 JavaThread "Finalizer" daemon [_thread_blocked, id=8020, stack(0x0000000cc5500000,0x0000000cc5600000)]
  0x0000018664a69800 JavaThread "Signal Dispatcher" daemon [_thread_blocked, id=5932, stack(0x0000000cc5600000,0x0000000cc5700000)]
  0x0000018664a6c800 JavaThread "Attach Listener" daemon [_thread_blocked, id=2144, stack(0x0000000cc5700000,0x0000000cc5800000)]
  0x0000018664a6e800 JavaThread "Service Thread" daemon [_thread_blocked, id=6428, stack(0x0000000cc5800000,0x0000000cc5900000)]
=>0x0000018664a72000 JavaThread "C2 CompilerThread0" daemon [_thread_in_native, id=7404, stack(0x0000000cc5900000,0x0000000cc5a00000)]
  0x0000018665384800 JavaThread "C1 CompilerThread0" daemon [_thread_blocked, id=5600, stack(0x0000000cc5a00000,0x0000000cc5b00000)]
  0x00000186653e2800 JavaThread "Sweeper thread" daemon [_thread_blocked, id=4980, stack(0x0000000cc5b00000,0x0000000cc5c00000)]
  0x00000186649a7000 JavaThread "Common-Cleaner" daemon [_thread_blocked, id=10128, stack(0x0000000cc5c00000,0x0000000cc5d00000)]
  0x0000018665e40800 JavaThread "Monitor Ctrl-Break" daemon [_thread_in_native, id=9416, stack(0x0000000cc5e00000,0x0000000cc5f00000)]
  0x000001866547d000 JavaThread "ForkJoinPool.commonPool-worker-3" daemon [_thread_blocked, id=528, stack(0x0000000cc6000000,0x0000000cc6100000)]
  0x0000018669f9f000 JavaThread "AsyncHttpClient-1-1" daemon [_thread_blocked, id=8136, stack(0x0000000cc6100000,0x0000000cc6200000)]
  0x0000018668cab800 JavaThread "ForkJoinPool.commonPool-worker-5" daemon [_thread_blocked, id=11896, stack(0x0000000cc6200000,0x0000000cc6300000)]
  0x000001866909b800 JavaThread "ForkJoinPool.commonPool-worker-7" daemon [_thread_blocked, id=12944, stack(0x0000000cc6300000,0x0000000cc6400000)]
  0x000001866864c800 JavaThread "Exec Default Executor" daemon [_thread_in_native, id=12476, stack(0x0000000cc6400000,0x0000000cc6500000)]
  0x0000018669dbd800 JavaThread "Driver Service Executor" daemon [_thread_blocked, id=8108, stack(0x0000000cc6500000,0x0000000cc6600000)]
  0x0000018669f78800 JavaThread "Driver Service Executor" daemon [_thread_blocked, id=9960, stack(0x0000000cc6600000,0x0000000cc6700000)]
  0x00000186668f2800 JavaThread "UrlChecker-2" daemon [_thread_blocked, id=8632, stack(0x0000000cc6700000,0x0000000cc6800000)]
  0x0000018666063800 JavaThread "Exec Stream Pumper" daemon [_thread_in_native, id=13132, stack(0x0000000cc6800000,0x0000000cc6900000)]
  0x0000018666062000 JavaThread "Exec Stream Pumper" daemon [_thread_in_native, id=1172, stack(0x0000000cc6900000,0x0000000cc6a00000)]
  0x000001866605e800 JavaThread "AsyncHttpClient-1-2" daemon [_thread_in_native, id=6664, stack(0x0000000cc6e00000,0x0000000cc6f00000)]

Other Threads:
  0x00000186649ec000 VMThread "VM Thread" [stack: 0x0000000cc5300000,0x0000000cc5400000] [id=1964]
  0x0000018665dee000 WatcherThread [stack: 0x0000000cc5f00000,0x0000000cc6000000] [id=5228]
  0x0000018648a3d800 GCTaskThread "GC Thread#0" [stack: 0x0000000cc4e00000,0x0000000cc4f00000] [id=1028]
  0x0000018665d1c000 GCTaskThread "GC Thread#1" [stack: 0x0000000cc5d00000,0x0000000cc5e00000] [id=12808]
  0x0000018648a59000 ConcurrentGCThread "G1 Main Marker" [stack: 0x0000000cc4f00000,0x0000000cc5000000] [id=1280]
  0x0000018648a5a800 ConcurrentGCThread "G1 Conc#0" [stack: 0x0000000cc5000000,0x0000000cc5100000] [id=6956]
  0x0000018648ab5000 ConcurrentGCThread "G1 Refine#0" [stack: 0x0000000cc5100000,0x0000000cc5200000] [id=10820]
  0x0000018648ab8000 ConcurrentGCThread "G1 Young RemSet Sampling" [stack: 0x0000000cc5200000,0x0000000cc5300000] [id=9248]

Threads with active compile tasks:
C2 CompilerThread0  42136 3309   !   4       java.util.concurrent.ConcurrentHashMap::computeIfAbsent (576 bytes)

VM state:not at safepoint (normal execution)

VM Mutex/Monitor currently owned by a thread: None

Heap address: 0x00000000c1800000, size: 1000 MB, Compressed Oops mode: 32-bit
Narrow klass base: 0x0000000000000000, Narrow klass shift: 3
Compressed class space size: 1073741824 Address: 0x0000000100000000

Heap:
 garbage-first heap   total 65536K, used 41645K [0x00000000c1800000, 0x0000000100000000)
  region size 1024K, 7 young (7168K), 3 survivors (3072K)
 Metaspace       used 45765K, capacity 46890K, committed 47104K, reserved 1089536K
  class space    used 5846K, capacity 6306K, committed 6400K, reserved 1048576K
Heap Regions: E=young(eden), S=young(survivor), O=old, HS=humongous(starts), HC=humongous(continues), CS=collection set, F=free, A=archive, TAMS=top-at-mark-start (previous, next)
|   0|0x00000000c1800000, 0x00000000c1900000, 0x00000000c1900000|100%| O|  |TAMS 0x00000000c1900000, 0x00000000c1800000| Untracked 
|   1|0x00000000c1900000, 0x00000000c1a00000, 0x00000000c1a00000|100%| O|  |TAMS 0x00000000c1a00000, 0x00000000c1900000| Untracked 
|   2|0x00000000c1a00000, 0x00000000c1b00000, 0x00000000c1b00000|100%| O|  |TAMS 0x00000000c1b00000, 0x00000000c1a00000| Untracked 
|   3|0x00000000c1b00000, 0x00000000c1c00000, 0x00000000c1c00000|100%| O|  |TAMS 0x00000000c1c00000, 0x00000000c1b00000| Untracked 
|   4|0x00000000c1c00000, 0x00000000c1d00000, 0x00000000c1d00000|100%| O|  |TAMS 0x00000000c1d00000, 0x00000000c1c00000| Untracked 
|   5|0x00000000c1d00000, 0x00000000c1e00000, 0x00000000c1e00000|100%| O|  |TAMS 0x00000000c1e00000, 0x00000000c1d00000| Untracked 
|   6|0x00000000c1e00000, 0x00000000c1f00000, 0x00000000c1f00000|100%| O|  |TAMS 0x00000000c1f00000, 0x00000000c1e00000| Untracked 
|   7|0x00000000c1f00000, 0x00000000c2000000, 0x00000000c2000000|100%| O|  |TAMS 0x00000000c2000000, 0x00000000c1f00000| Untracked 
|   8|0x00000000c2000000, 0x00000000c2100000, 0x00000000c2100000|100%| O|  |TAMS 0x00000000c2100000, 0x00000000c2000000| Untracked 
|   9|0x00000000c2100000, 0x00000000c2200000, 0x00000000c2200000|100%| O|  |TAMS 0x00000000c2200000, 0x00000000c2100000| Untracked 
|  10|0x00000000c2200000, 0x00000000c2300000, 0x00000000c2300000|100%| O|  |TAMS 0x00000000c2300000, 0x00000000c2200000| Untracked 
|  11|0x00000000c2300000, 0x00000000c2400000, 0x00000000c2400000|100%| O|  |TAMS 0x00000000c2400000, 0x00000000c2300000| Untracked 
|  12|0x00000000c2400000, 0x00000000c2500000, 0x00000000c2500000|100%| O|  |TAMS 0x00000000c2500000, 0x00000000c2400000| Untracked 
|  13|0x00000000c2500000, 0x00000000c2600000, 0x00000000c2600000|100%| O|  |TAMS 0x00000000c2600000, 0x00000000c2500000| Untracked 
|  14|0x00000000c2600000, 0x00000000c2700000, 0x00000000c2700000|100%| O|  |TAMS 0x00000000c2700000, 0x00000000c2600000| Untracked 
|  15|0x00000000c2700000, 0x00000000c2800000, 0x00000000c2800000|100%| O|  |TAMS 0x00000000c2800000, 0x00000000c2700000| Untracked 
|  16|0x00000000c2800000, 0x00000000c2900000, 0x00000000c2900000|100%| O|  |TAMS 0x00000000c2900000, 0x00000000c2800000| Untracked 
|  17|0x00000000c2900000, 0x00000000c2a00000, 0x00000000c2a00000|100%| O|  |TAMS 0x00000000c2a00000, 0x00000000c2900000| Untracked 
|  18|0x00000000c2a00000, 0x00000000c2a75e00, 0x00000000c2b00000| 46%| O|  |TAMS 0x00000000c2a75e00, 0x00000000c2a00000| Untracked 
|  19|0x00000000c2b00000, 0x00000000c2c00000, 0x00000000c2c00000|100%|HS|  |TAMS 0x00000000c2b00000, 0x00000000c2b00000| Complete 
|  20|0x00000000c2c00000, 0x00000000c2d00000, 0x00000000c2d00000|100%|HC|  |TAMS 0x00000000c2c00000, 0x00000000c2c00000| Complete 
|  21|0x00000000c2d00000, 0x00000000c2e00000, 0x00000000c2e00000|100%|HC|  |TAMS 0x00000000c2d00000, 0x00000000c2d00000| Complete 
|  22|0x00000000c2e00000, 0x00000000c2f00000, 0x00000000c2f00000|100%|HC|  |TAMS 0x00000000c2e00000, 0x00000000c2e00000| Complete 
|  23|0x00000000c2f00000, 0x00000000c3000000, 0x00000000c3000000|100%|HC|  |TAMS 0x00000000c2f00000, 0x00000000c2f00000| Complete 
|  24|0x00000000c3000000, 0x00000000c3100000, 0x00000000c3100000|100%|HC|  |TAMS 0x00000000c3000000, 0x00000000c3000000| Complete 
|  25|0x00000000c3100000, 0x00000000c3200000, 0x00000000c3200000|100%|HC|  |TAMS 0x00000000c3100000, 0x00000000c3100000| Complete 
|  26|0x00000000c3200000, 0x00000000c3300000, 0x00000000c3300000|100%|HC|  |TAMS 0x00000000c3200000, 0x00000000c3200000| Complete 
|  27|0x00000000c3300000, 0x00000000c3400000, 0x00000000c3400000|100%|HC|  |TAMS 0x00000000c3300000, 0x00000000c3300000| Complete 
|  28|0x00000000c3400000, 0x00000000c3500000, 0x00000000c3500000|100%|HC|  |TAMS 0x00000000c3400000, 0x00000000c3400000| Complete 
|  29|0x00000000c3500000, 0x00000000c3600000, 0x00000000c3600000|100%|HC|  |TAMS 0x00000000c3500000, 0x00000000c3500000| Complete 
|  30|0x00000000c3600000, 0x00000000c3700000, 0x00000000c3700000|100%|HC|  |TAMS 0x00000000c3600000, 0x00000000c3600000| Complete 
|  31|0x00000000c3700000, 0x00000000c3800000, 0x00000000c3800000|100%|HC|  |TAMS 0x00000000c3700000, 0x00000000c3700000| Complete 
|  32|0x00000000c3800000, 0x00000000c3900000, 0x00000000c3900000|100%|HC|  |TAMS 0x00000000c3800000, 0x00000000c3800000| Complete 
|  33|0x00000000c3900000, 0x00000000c3a00000, 0x00000000c3a00000|100%|HC|  |TAMS 0x00000000c3900000, 0x00000000c3900000| Complete 
|  34|0x00000000c3a00000, 0x00000000c3b00000, 0x00000000c3b00000|100%|HC|  |TAMS 0x00000000c3a00000, 0x00000000c3a00000| Complete 
|  35|0x00000000c3b00000, 0x00000000c3c00000, 0x00000000c3c00000|100%|HC|  |TAMS 0x00000000c3b00000, 0x00000000c3b00000| Complete 
|  36|0x00000000c3c00000, 0x00000000c3c00000, 0x00000000c3d00000|  0%| F|  |TAMS 0x00000000c3c00000, 0x00000000c3c00000| Untracked 
|  37|0x00000000c3d00000, 0x00000000c3d00000, 0x00000000c3e00000|  0%| F|  |TAMS 0x00000000c3d00000, 0x00000000c3d00000| Untracked 
|  38|0x00000000c3e00000, 0x00000000c3e00000, 0x00000000c3f00000|  0%| F|  |TAMS 0x00000000c3e00000, 0x00000000c3e00000| Untracked 
|  39|0x00000000c3f00000, 0x00000000c3f00000, 0x00000000c4000000|  0%| F|  |TAMS 0x00000000c3f00000, 0x00000000c3f00000| Untracked 
|  40|0x00000000c4000000, 0x00000000c4000000, 0x00000000c4100000|  0%| F|  |TAMS 0x00000000c4000000, 0x00000000c4000000| Untracked 
|  41|0x00000000c4100000, 0x00000000c4100000, 0x00000000c4200000|  0%| F|  |TAMS 0x00000000c4100000, 0x00000000c4100000| Untracked 
|  42|0x00000000c4200000, 0x00000000c4200000, 0x00000000c4300000|  0%| F|  |TAMS 0x00000000c4200000, 0x00000000c4200000| Untracked 
|  43|0x00000000c4300000, 0x00000000c4300000, 0x00000000c4400000|  0%| F|  |TAMS 0x00000000c4300000, 0x00000000c4300000| Untracked 
|  44|0x00000000c4400000, 0x00000000c4400000, 0x00000000c4500000|  0%| F|  |TAMS 0x00000000c4400000, 0x00000000c4400000| Untracked 
|  45|0x00000000c4500000, 0x00000000c4500000, 0x00000000c4600000|  0%| F|  |TAMS 0x00000000c4500000, 0x00000000c4500000| Untracked 
|  46|0x00000000c4600000, 0x00000000c4600000, 0x00000000c4700000|  0%| F|  |TAMS 0x00000000c4600000, 0x00000000c4600000| Untracked 
|  47|0x00000000c4700000, 0x00000000c4700000, 0x00000000c4800000|  0%| F|  |TAMS 0x00000000c4700000, 0x00000000c4700000| Untracked 
|  48|0x00000000c4800000, 0x00000000c4800000, 0x00000000c4900000|  0%| F|  |TAMS 0x00000000c4800000, 0x00000000c4800000| Untracked 
|  49|0x00000000c4900000, 0x00000000c4900000, 0x00000000c4a00000|  0%| F|  |TAMS 0x00000000c4900000, 0x00000000c4900000| Untracked 
|  50|0x00000000c4a00000, 0x00000000c4a00000, 0x00000000c4b00000|  0%| F|  |TAMS 0x00000000c4a00000, 0x00000000c4a00000| Untracked 
|  51|0x00000000c4b00000, 0x00000000c4b00000, 0x00000000c4c00000|  0%| F|  |TAMS 0x00000000c4b00000, 0x00000000c4b00000| Untracked 
|  52|0x00000000c4c00000, 0x00000000c4c00000, 0x00000000c4d00000|  0%| F|  |TAMS 0x00000000c4c00000, 0x00000000c4c00000| Untracked 
|  53|0x00000000c4d00000, 0x00000000c4d00000, 0x00000000c4e00000|  0%| F|  |TAMS 0x00000000c4d00000, 0x00000000c4d00000| Untracked 
|  54|0x00000000c4e00000, 0x00000000c4e35840, 0x00000000c4f00000| 20%| S|CS|TAMS 0x00000000c4e00000, 0x00000000c4e00000| Complete 
|  55|0x00000000c4f00000, 0x00000000c5000000, 0x00000000c5000000|100%| S|CS|TAMS 0x00000000c4f00000, 0x00000000c4f00000| Complete 
|  56|0x00000000c5000000, 0x00000000c5100000, 0x00000000c5100000|100%| S|CS|TAMS 0x00000000c5000000, 0x00000000c5000000| Complete 
|  57|0x00000000c5100000, 0x00000000c5100000, 0x00000000c5200000|  0%| F|  |TAMS 0x00000000c5100000, 0x00000000c5100000| Untracked 
|  58|0x00000000c5200000, 0x00000000c5200000, 0x00000000c5300000|  0%| F|  |TAMS 0x00000000c5200000, 0x00000000c5200000| Untracked 
|  59|0x00000000c5300000, 0x00000000c5300000, 0x00000000c5400000|  0%| F|  |TAMS 0x00000000c5300000, 0x00000000c5300000| Untracked 
|  60|0x00000000c5400000, 0x00000000c5500000, 0x00000000c5500000|100%| E|  |TAMS 0x00000000c5400000, 0x00000000c5400000| Complete 
|  61|0x00000000c5500000, 0x00000000c5600000, 0x00000000c5600000|100%| E|CS|TAMS 0x00000000c5500000, 0x00000000c5500000| Complete 
|  62|0x00000000c5600000, 0x00000000c5700000, 0x00000000c5700000|100%| E|CS|TAMS 0x00000000c5600000, 0x00000000c5600000| Complete 
|  63|0x00000000c5700000, 0x00000000c5800000, 0x00000000c5800000|100%| E|CS|TAMS 0x00000000c5700000, 0x00000000c5700000| Complete 

Card table byte_map: [0x00000186600f0000,0x00000186602f0000] _byte_map_base: 0x000001865fae4000

Marking Bits (Prev, Next): (CMBitMap*) 0x0000018648a543a0, (CMBitMap*) 0x0000018648a54368
 Prev Bits: [0x0000018661490000, 0x0000018662430000)
 Next Bits: [0x00000186604f0000, 0x0000018661490000)

Polling page: 0x00000186467c0000

Metaspace:

Usage:
  Non-class:     39.64 MB capacity,    38.99 MB ( 98%) used,   521.70 KB (  1%) free+waste,   138.50 KB ( <1%) overhead. 
      Class:      6.16 MB capacity,     5.71 MB ( 93%) used,   391.91 KB (  6%) free+waste,    67.25 KB (  1%) overhead. 
       Both:     45.80 MB capacity,    44.70 MB ( 98%) used,   913.61 KB (  2%) free+waste,   205.75 KB ( <1%) overhead. 

Virtual space:
  Non-class space:       40.00 MB reserved,      39.75 MB (>99%) committed 
      Class space:        1.00 GB reserved,       6.25 MB ( <1%) committed 
             Both:        1.04 GB reserved,      46.00 MB (  4%) committed 

Chunk freelists:
   Non-Class:  0 bytes
       Class:  0 bytes
        Both:  0 bytes

MaxMetaspaceSize: 17179869184.00 GB
CompressedClassSpaceSize: 1.00 GB

CodeHeap 'non-profiled nmethods': size=120064Kb used=1645Kb max_used=1645Kb free=118418Kb
 bounds [0x0000018658bb0000, 0x0000018658e20000, 0x00000186600f0000]
CodeHeap 'profiled nmethods': size=120000Kb used=7370Kb max_used=7370Kb free=112630Kb
 bounds [0x0000018651680000, 0x0000018651dc0000, 0x0000018658bb0000]
CodeHeap 'non-nmethods': size=5696Kb used=1211Kb max_used=1224Kb free=4484Kb
 bounds [0x00000186510f0000, 0x0000018651360000, 0x0000018651680000]
 total_blobs=3885 nmethods=3310 adapters=486
 compilation: enabled
              stopped_count=0, restarted_count=0
 full_count=0

Compilation events (20 events):
Event: 42.001 Thread 0x0000018665384800 nmethod 3300 0x0000018651dab790 code [0x0000018651dab960, 0x0000018651dabc98]
Event: 42.019 Thread 0x0000018664a72000 3301       4       java.util.ArrayDeque::add (7 bytes)
Event: 42.022 Thread 0x0000018664a72000 nmethod 3301 0x0000018658d4ac10 code [0x0000018658d4ada0, 0x0000018658d4afb8]
Event: 42.061 Thread 0x0000018665384800 3302       3       com.google.common.base.Preconditions::checkPositionIndex (8 bytes)
Event: 42.061 Thread 0x0000018665384800 nmethod 3302 0x0000018651dabd90 code [0x0000018651dabf60, 0x0000018651dac218]
Event: 42.061 Thread 0x0000018665384800 3303       3       com.google.common.base.Preconditions::checkPositionIndex (25 bytes)
Event: 42.061 Thread 0x0000018665384800 nmethod 3303 0x0000018651dac390 code [0x0000018651dac560, 0x0000018651dac7b8]
Event: 42.061 Thread 0x0000018665384800 3304       3       com.google.common.collect.RegularImmutableList::listIterator (15 bytes)
Event: 42.062 Thread 0x0000018665384800 nmethod 3304 0x0000018651dac910 code [0x0000018651dacac0, 0x0000018651dacc08]
Event: 42.062 Thread 0x0000018665384800 3305       3       com.google.common.collect.Iterators::emptyListIterator (4 bytes)
Event: 42.062 Thread 0x0000018665384800 nmethod 3305 0x0000018651dacd10 code [0x0000018651dacec0, 0x0000018651dacfb8]
Event: 42.069 Thread 0x0000018665384800 3306       3       java.util.Spliterators$ArraySpliterator::forEachRemaining (68 bytes)
Event: 42.070 Thread 0x0000018665384800 nmethod 3306 0x0000018651dad090 code [0x0000018651dad280, 0x0000018651dad6f8]
Event: 42.070 Thread 0x0000018665384800 3307       3       java.util.stream.FindOps::makeRef (14 bytes)
Event: 42.070 Thread 0x0000018665384800 nmethod 3307 0x0000018651dad890 code [0x0000018651dada40, 0x0000018651dadb98]
Event: 42.070 Thread 0x0000018665384800 3308       3       java.util.stream.FindOps$FindSink$OfRef::<init> (5 bytes)
Event: 42.070 Thread 0x0000018665384800 nmethod 3308 0x0000018651dadc10 code [0x0000018651daddc0, 0x0000018651dadf78]
Event: 42.073 Thread 0x0000018664a72000 3309   !   4       java.util.concurrent.ConcurrentHashMap::computeIfAbsent (576 bytes)
Event: 42.073 Thread 0x0000018665384800 3310       3       org.openqa.selenium.json.JsonInput::readString (121 bytes)
Event: 42.075 Thread 0x0000018665384800 nmethod 3310 0x0000018651dae090 code [0x0000018651dae460, 0x0000018651dafa08]

GC Heap History (20 events):
Event: 9.922 GC heap before
{Heap before GC invocations=4 (full 0):
 garbage-first heap   total 65536K, used 33833K [0x00000000c1800000, 0x0000000100000000)
  region size 1024K, 25 young (25600K), 3 survivors (3072K)
 Metaspace       used 20610K, capacity 21190K, committed 21248K, reserved 1069056K
  class space    used 2294K, capacity 2522K, committed 2560K, reserved 1048576K
}
Event: 9.931 GC heap after
{Heap after GC invocations=5 (full 0):
 garbage-first heap   total 65536K, used 13276K [0x00000000c1800000, 0x0000000100000000)
  region size 1024K, 2 young (2048K), 2 survivors (2048K)
 Metaspace       used 20610K, capacity 21190K, committed 21248K, reserved 1069056K
  class space    used 2294K, capacity 2522K, committed 2560K, reserved 1048576K
}
Event: 12.079 GC heap before
{Heap before GC invocations=6 (full 0):
 garbage-first heap   total 65536K, used 39900K [0x00000000c1800000, 0x0000000100000000)
  region size 1024K, 28 young (28672K), 2 survivors (2048K)
 Metaspace       used 25959K, capacity 26622K, committed 26880K, reserved 1073152K
  class space    used 3039K, capacity 3264K, committed 3328K, reserved 1048576K
}
Event: 12.086 GC heap after
{Heap after GC invocations=7 (full 0):
 garbage-first heap   total 65536K, used 14269K [0x00000000c1800000, 0x0000000100000000)
  region size 1024K, 3 young (3072K), 3 survivors (3072K)
 Metaspace       used 25959K, capacity 26622K, committed 26880K, reserved 1073152K
  class space    used 3039K, capacity 3264K, committed 3328K, reserved 1048576K
}
Event: 15.157 GC heap before
{Heap before GC invocations=7 (full 0):
 garbage-first heap   total 65536K, used 41917K [0x00000000c1800000, 0x0000000100000000)
  region size 1024K, 30 young (30720K), 3 survivors (3072K)
 Metaspace       used 29301K, capacity 30012K, committed 30208K, reserved 1075200K
  class space    used 3577K, capacity 3838K, committed 3840K, reserved 1048576K
}
Event: 15.169 GC heap after
{Heap after GC invocations=8 (full 0):
 garbage-first heap   total 65536K, used 15427K [0x00000000c1800000, 0x0000000100000000)
  region size 1024K, 4 young (4096K), 4 survivors (4096K)
 Metaspace       used 29301K, capacity 30012K, committed 30208K, reserved 1075200K
  class space    used 3577K, capacity 3838K, committed 3840K, reserved 1048576K
}
Event: 18.565 GC heap before
{Heap before GC invocations=8 (full 0):
 garbage-first heap   total 65536K, used 43075K [0x00000000c1800000, 0x0000000100000000)
  region size 1024K, 31 young (31744K), 4 survivors (4096K)
 Metaspace       used 31426K, capacity 32126K, committed 32384K, reserved 1077248K
  class space    used 3933K, capacity 4207K, committed 4224K, reserved 1048576K
}
Event: 18.574 GC heap after
{Heap after GC invocations=9 (full 0):
 garbage-first heap   total 65536K, used 15600K [0x00000000c1800000, 0x0000000100000000)
  region size 1024K, 2 young (2048K), 2 survivors (2048K)
 Metaspace       used 31426K, capacity 32126K, committed 32384K, reserved 1077248K
  class space    used 3933K, capacity 4207K, committed 4224K, reserved 1048576K
}
Event: 20.554 GC heap before
{Heap before GC invocations=9 (full 0):
 garbage-first heap   total 65536K, used 44272K [0x00000000c1800000, 0x0000000100000000)
  region size 1024K, 30 young (30720K), 2 survivors (2048K)
 Metaspace       used 32744K, capacity 33416K, committed 33664K, reserved 1079296K
  class space    used 4140K, capacity 4403K, committed 4480K, reserved 1048576K
}
Event: 20.559 GC heap after
{Heap after GC invocations=10 (full 0):
 garbage-first heap   total 65536K, used 15565K [0x00000000c1800000, 0x0000000100000000)
  region size 1024K, 2 young (2048K), 2 survivors (2048K)
 Metaspace       used 32744K, capacity 33416K, committed 33664K, reserved 1079296K
  class space    used 4140K, capacity 4403K, committed 4480K, reserved 1048576K
}
Event: 26.271 GC heap before
{Heap before GC invocations=10 (full 0):
 garbage-first heap   total 65536K, used 28877K [0x00000000c1800000, 0x0000000100000000)
  region size 1024K, 16 young (16384K), 2 survivors (2048K)
 Metaspace       used 35025K, capacity 35762K, committed 35840K, reserved 1081344K
  class space    used 4397K, capacity 4711K, committed 4736K, reserved 1048576K
}
Event: 26.283 GC heap after
{Heap after GC invocations=11 (full 0):
 garbage-first heap   total 65536K, used 17235K [0x00000000c1800000, 0x0000000100000000)
  region size 1024K, 4 young (4096K), 4 survivors (4096K)
 Metaspace       used 35025K, capacity 35762K, committed 35840K, reserved 1081344K
  class space    used 4397K, capacity 4711K, committed 4736K, reserved 1048576K
}
Event: 31.286 GC heap before
{Heap before GC invocations=12 (full 0):
 garbage-first heap   total 65536K, used 44883K [0x00000000c1800000, 0x0000000100000000)
  region size 1024K, 31 young (31744K), 4 survivors (4096K)
 Metaspace       used 36034K, capacity 36829K, committed 36992K, reserved 1081344K
  class space    used 4531K, capacity 4856K, committed 4864K, reserved 1048576K
}
Event: 31.297 GC heap after
{Heap after GC invocations=13 (full 0):
 garbage-first heap   total 65536K, used 19064K [0x00000000c1800000, 0x0000000100000000)
  region size 1024K, 4 young (4096K), 4 survivors (4096K)
 Metaspace       used 36034K, capacity 36829K, committed 36992K, reserved 1081344K
  class space    used 4531K, capacity 4856K, committed 4864K, reserved 1048576K
}
Event: 33.212 GC heap before
{Heap before GC invocations=13 (full 0):
 garbage-first heap   total 65536K, used 47736K [0x00000000c1800000, 0x0000000100000000)
  region size 1024K, 32 young (32768K), 4 survivors (4096K)
 Metaspace       used 39977K, capacity 40820K, committed 41088K, reserved 1085440K
  class space    used 5031K, capacity 5378K, committed 5504K, reserved 1048576K
}
Event: 33.221 GC heap after
{Heap after GC invocations=14 (full 0):
 garbage-first heap   total 65536K, used 20202K [0x00000000c1800000, 0x0000000100000000)
  region size 1024K, 3 young (3072K), 3 survivors (3072K)
 Metaspace       used 39977K, capacity 40820K, committed 41088K, reserved 1085440K
  class space    used 5031K, capacity 5378K, committed 5504K, reserved 1048576K
}
Event: 37.853 GC heap before
{Heap before GC invocations=14 (full 0):
 garbage-first heap   total 65536K, used 48874K [0x00000000c1800000, 0x0000000100000000)
  region size 1024K, 31 young (31744K), 3 survivors (3072K)
 Metaspace       used 44231K, capacity 45306K, committed 45568K, reserved 1089536K
  class space    used 5605K, capacity 6032K, committed 6144K, reserved 1048576K
}
Event: 37.863 GC heap after
{Heap after GC invocations=15 (full 0):
 garbage-first heap   total 65536K, used 20951K [0x00000000c1800000, 0x0000000100000000)
  region size 1024K, 2 young (2048K), 2 survivors (2048K)
 Metaspace       used 44231K, capacity 45306K, committed 45568K, reserved 1089536K
  class space    used 5605K, capacity 6032K, committed 6144K, reserved 1048576K
}
Event: 38.062 GC heap before
{Heap before GC invocations=15 (full 0):
 garbage-first heap   total 65536K, used 27095K [0x00000000c1800000, 0x0000000100000000)
  region size 1024K, 9 young (9216K), 2 survivors (2048K)
 Metaspace       used 45108K, capacity 46237K, committed 46464K, reserved 1089536K
  class space    used 5735K, capacity 6193K, committed 6272K, reserved 1048576K
}
Event: 38.068 GC heap after
{Heap after GC invocations=16 (full 0):
 garbage-first heap   total 65536K, used 21165K [0x00000000c1800000, 0x0000000100000000)
  region size 1024K, 3 young (3072K), 3 survivors (3072K)
 Metaspace       used 45108K, capacity 46237K, committed 46464K, reserved 1089536K
  class space    used 5735K, capacity 6193K, committed 6272K, reserved 1048576K
}

Deoptimization events (20 events):
Event: 33.663 Thread 0x0000018648a25000 Uncommon trap: trap_request=0xffffff4d fr.pc=0x0000018658c34dd4 relative=0x0000000000000594
Event: 33.663 Thread 0x0000018648a25000 Uncommon trap: reason=unstable_if action=reinterpret pc=0x0000018658c34dd4 method=java.lang.String.replace(CC)Ljava/lang/String; @ 2 c2
Event: 33.663 Thread 0x0000018648a25000 DEOPT PACKING pc=0x0000018658c34dd4 sp=0x0000000cc4dfb9d0
Event: 33.663 Thread 0x0000018648a25000 DEOPT UNPACKING pc=0x00000186511178af sp=0x0000000cc4dfb990 mode 2
Event: 35.201 Thread 0x0000018648a25000 Uncommon trap: trap_request=0xffffff4d fr.pc=0x0000018658c51e4c relative=0x000000000000046c
Event: 35.201 Thread 0x0000018648a25000 Uncommon trap: reason=unstable_if action=reinterpret pc=0x0000018658c51e4c method=jdk.internal.org.objectweb.asm.Type.getArgumentsAndReturnSizes(Ljava/lang/String;)I @ 47 c2
Event: 35.201 Thread 0x0000018648a25000 DEOPT PACKING pc=0x0000018658c51e4c sp=0x0000000cc4dfa3a0
Event: 35.201 Thread 0x0000018648a25000 DEOPT UNPACKING pc=0x00000186511178af sp=0x0000000cc4dfa330 mode 2
Event: 37.954 Thread 0x000001866605e800 Uncommon trap: trap_request=0xffffffde fr.pc=0x0000018658ca1424 relative=0x00000000000002e4
Event: 37.954 Thread 0x000001866605e800 Uncommon trap: reason=class_check action=maybe_recompile pc=0x0000018658ca1424 method=java.util.Collections$SetFromMap.remove(Ljava/lang/Object;)Z @ 5 c2
Event: 37.954 Thread 0x000001866605e800 DEOPT PACKING pc=0x0000018658ca1424 sp=0x0000000cc6efe430
Event: 37.954 Thread 0x000001866605e800 DEOPT UNPACKING pc=0x00000186511178af sp=0x0000000cc6efe428 mode 2
Event: 37.954 Thread 0x000001866605e800 Uncommon trap: trap_request=0xffffffde fr.pc=0x0000018658ca1424 relative=0x00000000000002e4
Event: 37.954 Thread 0x000001866605e800 Uncommon trap: reason=class_check action=maybe_recompile pc=0x0000018658ca1424 method=java.util.Collections$SetFromMap.remove(Ljava/lang/Object;)Z @ 5 c2
Event: 37.954 Thread 0x000001866605e800 DEOPT PACKING pc=0x0000018658ca1424 sp=0x0000000cc6efe680
Event: 37.954 Thread 0x000001866605e800 DEOPT UNPACKING pc=0x00000186511178af sp=0x0000000cc6efe678 mode 2
Event: 42.069 Thread 0x0000018648a25000 Uncommon trap: trap_request=0xffffffde fr.pc=0x0000018658d3b8e0 relative=0x0000000000000120
Event: 42.069 Thread 0x0000018648a25000 Uncommon trap: reason=class_check action=maybe_recompile pc=0x0000018658d3b8e0 method=org.openqa.selenium.json.Input.fill()Z @ 85 c2
Event: 42.069 Thread 0x0000018648a25000 DEOPT PACKING pc=0x0000018658d3b8e0 sp=0x0000000cc4dfb5c0
Event: 42.069 Thread 0x0000018648a25000 DEOPT UNPACKING pc=0x00000186511178af sp=0x0000000cc4dfb540 mode 2

Classes redefined (0 events):
No events

Internal exceptions (20 events):
Event: 30.647 Thread 0x0000018648a25000 Exception <a 'java/lang/NoSuchMethodError'{0x00000000c3e44c70}: 'void java.lang.invoke.DirectMethodHandle$Holder.invokeVirtual(java.lang.Object, java.lang.Object)'> (0x00000000c3e44c70) thrown at [./src/hotspot/share/interpreter/linkResolver.cpp, line 773]
Event: 30.648 Thread 0x0000018648a25000 Exception <a 'java/lang/NoSuchMethodError'{0x00000000c3e4cd80}: 'int java.lang.invoke.DirectMethodHandle$Holder.invokeStatic(java.lang.Object, java.lang.Object, int, java.lang.Object)'> (0x00000000c3e4cd80) thrown at [./src/hotspot/share/interpreter/linkResolver.cpp, line 773]
Event: 30.648 Thread 0x0000018648a25000 Exception <a 'java/lang/NoSuchMethodError'{0x00000000c3e53e18}: 'java.lang.Object java.lang.invoke.Invokers$Holder.linkToTargetMethod(java.lang.Object, int, java.lang.Object)'> (0x00000000c3e53e18) thrown at [./src/hotspot/share/interpreter/linkResolver.cpp, line 773]
Event: 30.649 Thread 0x0000018648a25000 Exception <a 'java/lang/IncompatibleClassChangeError'{0x00000000c3e56be8}: Found class java.lang.Object, but interface was expected> (0x00000000c3e56be8) thrown at [./src/hotspot/share/interpreter/linkResolver.cpp, line 839]
Event: 30.815 Thread 0x0000018648a25000 Exception <a 'java/lang/NoSuchMethodError'{0x00000000c3c6c2a0}: 'java.lang.Object java.lang.invoke.DirectMethodHandle$Holder.invokeInterface(java.lang.Object, java.lang.Object, java.lang.Object, java.lang.Object)'> (0x00000000c3c6c2a0) thrown at [./src/hotspot/share/interpreter/linkResolver.cpp, line 773]
Event: 30.819 Thread 0x0000018648a25000 Exception <a 'java/lang/NoSuchMethodError'{0x00000000c3c7b1c8}: 'void java.lang.invoke.DirectMethodHandle$Holder.invokeVirtual(java.lang.Object, java.lang.Object, java.lang.Object, java.lang.Object)'> (0x00000000c3c7b1c8) thrown at [./src/hotspot/share/interpreter/linkResolver.cpp, line 773]
Event: 33.905 Thread 0x000001866864c800 Exception <a 'java/lang/NoSuchMethodError'{0x00000000c4b552c8}: 'void java.lang.invoke.DirectMethodHandle$Holder.invokeStatic(java.lang.Object, long)'> (0x00000000c4b552c8) thrown at [./src/hotspot/share/interpreter/linkResolver.cpp, line 773]
Event: 33.906 Thread 0x000001866864c800 Exception <a 'java/lang/NoSuchMethodError'{0x00000000c4b5a238}: 'java.lang.Object java.lang.invoke.DirectMethodHandle$Holder.invokeStatic(java.lang.Object, long)'> (0x00000000c4b5a238) thrown at [./src/hotspot/share/interpreter/linkResolver.cpp, line 773]
Event: 33.949 Thread 0x000001866864c800 Exception <a 'java/lang/NoSuchMethodError'{0x00000000c4b97ec0}: 'java.lang.Object java.lang.invoke.DirectMethodHandle$Holder.invokeStaticInit(java.lang.Object, java.lang.Object, long, java.lang.Object)'> (0x00000000c4b97ec0) thrown at [./src/hotspot/share/interpreter/linkResolver.cpp, line 773]
Event: 33.951 Thread 0x000001866864c800 Exception <a 'java/lang/NoSuchMethodError'{0x00000000c4b9d928}: 'java.lang.Object java.lang.invoke.DirectMethodHandle$Holder.invokeStatic(java.lang.Object, java.lang.Object, long)'> (0x00000000c4b9d928) thrown at [./src/hotspot/share/interpreter/linkResolver.cpp, line 773]
Event: 33.952 Thread 0x000001866864c800 Exception <a 'java/lang/NoSuchMethodError'{0x00000000c4ba3bf8}: 'java.lang.Object java.lang.invoke.Invokers$Holder.linkToTargetMethod(java.lang.Object, long, java.lang.Object)'> (0x00000000c4ba3bf8) thrown at [./src/hotspot/share/interpreter/linkResolver.cpp, line 773]
Event: 34.590 Thread 0x00000186668f2800 Exception <a 'java/net/SocketTimeoutException'{0x00000000c4b67d98}: connect timed out> (0x00000000c4b67d98) thrown at [./src/hotspot/share/prims/jni.cpp, line 636]
Event: 35.118 Thread 0x00000186668f2800 Exception <a 'java/net/SocketTimeoutException'{0x00000000c4b68e58}: connect timed out> (0x00000000c4b68e58) thrown at [./src/hotspot/share/prims/jni.cpp, line 636]
Event: 35.199 Thread 0x0000018648a25000 Exception <a 'java/lang/NoSuchMethodError'{0x00000000c4a9b978}: 'double java.lang.invoke.DirectMethodHandle$Holder.invokeVirtual(java.lang.Object, java.lang.Object)'> (0x00000000c4a9b978) thrown at [./src/hotspot/share/interpreter/linkResolver.cpp, line 773]
Event: 35.200 Thread 0x0000018648a25000 Exception <a 'java/lang/NoSuchMethodError'{0x00000000c4aa1c60}: 'float java.lang.invoke.DirectMethodHandle$Holder.invokeVirtual(java.lang.Object, java.lang.Object)'> (0x00000000c4aa1c60) thrown at [./src/hotspot/share/interpreter/linkResolver.cpp, line 773]
Event: 35.201 Thread 0x0000018648a25000 Exception <a 'java/lang/NoSuchMethodError'{0x00000000c4aaa650}: 'long java.lang.invoke.DirectMethodHandle$Holder.invokeVirtual(java.lang.Object, java.lang.Object)'> (0x00000000c4aaa650) thrown at [./src/hotspot/share/interpreter/linkResolver.cpp, line 773]
Event: 35.280 Thread 0x0000018648a25000 Exception <a 'java/lang/NoSuchMethodError'{0x00000000c486fa40}: 'void java.lang.invoke.DirectMethodHandle$Holder.invokeStatic(java.lang.Object, java.lang.Object, int)'> (0x00000000c486fa40) thrown at [./src/hotspot/share/interpreter/linkResolver.cpp, line 773]
Event: 35.374 Thread 0x0000018648a25000 Exception <a 'java/lang/NoSuchMethodError'{0x00000000c460c008}: 'int java.lang.invoke.DirectMethodHandle$Holder.invokeSpecialIFC(java.lang.Object, java.lang.Object, java.lang.Object)'> (0x00000000c460c008) thrown at [./src/hotspot/share/interpreter/linkResolver.cpp, line 773]
Event: 35.584 Thread 0x0000018648a25000 Exception <a 'java/lang/NoSuchMethodError'{0x00000000c41fcc18}: 'void java.lang.invoke.DirectMethodHandle$Holder.invokeSpecial(java.lang.Object, java.lang.Object, java.lang.Object, java.lang.Object, java.lang.Object, java.lang.Object)'> (0x00000000c41fcc18) thrown at [./src/hotspot/share/interpreter/linkResolver.cpp, line 773]
Event: 42.076 Thread 0x0000018648a25000 Exception <a 'java/lang/NoSuchMethodError'{0x00000000c5406650}: 'java.lang.Object java.lang.invoke.DirectMethodHandle$Holder.invokeSpecialIFC(java.lang.Object, java.lang.Object, java.lang.Object)'> (0x00000000c5406650) thrown at [./src/hotspot/share/interpreter/linkResolver.cpp, line 773]

Events (20 events):
Event: 42.079 loading class org/openqa/selenium/remote/SessionId
Event: 42.079 loading class org/openqa/selenium/remote/SessionId done
Event: 42.081 loading class org/openqa/selenium/Proxy$ProxyType
Event: 42.081 loading class org/openqa/selenium/Proxy$ProxyType done
Event: 42.081 loading class org/openqa/selenium/Proxy
Event: 42.081 loading class org/openqa/selenium/Proxy done
Event: 42.082 loading class org/openqa/selenium/Proxy
Event: 42.082 loading class org/openqa/selenium/Proxy done
Event: 42.082 loading class org/openqa/selenium/Proxy
Event: 42.082 loading class org/openqa/selenium/Proxy done
Event: 42.082 loading class org/openqa/selenium/Proxy
Event: 42.082 loading class org/openqa/selenium/Proxy done
Event: 42.082 loading class org/openqa/selenium/Proxy
Event: 42.082 loading class org/openqa/selenium/Proxy done
Event: 42.082 loading class org/openqa/selenium/Proxy
Event: 42.082 loading class org/openqa/selenium/Proxy done
Event: 42.083 loading class org/openqa/selenium/Proxy
Event: 42.083 loading class org/openqa/selenium/Proxy done
Event: 42.083 loading class org/openqa/selenium/Proxy
Event: 42.083 loading class org/openqa/selenium/Proxy done


Dynamic libraries:
0x00007ff742fa0000 - 0x00007ff742fad000 	C:\Program Files\AdoptOpenJDK\jdk-11.0.10.9-hotspot\bin\java.exe
0x00007ffc55a50000 - 0x00007ffc55c47000 	C:\WINDOWS\SYSTEM32\ntdll.dll
0x00007ffc54570000 - 0x00007ffc5462d000 	C:\WINDOWS\System32\KERNEL32.DLL
0x00007ffc533c0000 - 0x00007ffc5368d000 	C:\WINDOWS\System32\KERNELBASE.dll
0x00007ffc53690000 - 0x00007ffc53790000 	C:\WINDOWS\System32\ucrtbase.dll
0x00007ffc29020000 - 0x00007ffc29035000 	C:\Program Files\AdoptOpenJDK\jdk-11.0.10.9-hotspot\bin\VCRUNTIME140.dll
0x00007ffc28330000 - 0x00007ffc28347000 	C:\Program Files\AdoptOpenJDK\jdk-11.0.10.9-hotspot\bin\jli.dll
0x00007ffc55080000 - 0x00007ffc55220000 	C:\WINDOWS\System32\USER32.dll
0x00007ffc53970000 - 0x00007ffc53992000 	C:\WINDOWS\System32\win32u.dll
0x00007ffc542d0000 - 0x00007ffc542fa000 	C:\WINDOWS\System32\GDI32.dll
0x00007ffc539a0000 - 0x00007ffc53aab000 	C:\WINDOWS\System32\gdi32full.dll
0x00007ffc53790000 - 0x00007ffc5382d000 	C:\WINDOWS\System32\msvcp_win.dll
0x00007ffc420d0000 - 0x00007ffc4236a000 	C:\WINDOWS\WinSxS\amd64_microsoft.windows.common-controls_6595b64144ccf1df_6.0.19041.1110_none_60b5254171f9507e\COMCTL32.dll
0x00007ffc55890000 - 0x00007ffc5592e000 	C:\WINDOWS\System32\msvcrt.dll
0x00007ffc53b50000 - 0x00007ffc53b80000 	C:\WINDOWS\System32\IMM32.DLL
0x00007ffc1dd40000 - 0x00007ffc1dddb000 	C:\Program Files\AdoptOpenJDK\jdk-11.0.10.9-hotspot\bin\msvcp140.dll
0x00007ffbfea90000 - 0x00007ffbff5d3000 	C:\Program Files\AdoptOpenJDK\jdk-11.0.10.9-hotspot\bin\server\jvm.dll
0x00007ffc54ea0000 - 0x00007ffc54f4e000 	C:\WINDOWS\System32\ADVAPI32.dll
0x00007ffc53ab0000 - 0x00007ffc53b4c000 	C:\WINDOWS\System32\sechost.dll
0x00007ffc55390000 - 0x00007ffc554b5000 	C:\WINDOWS\System32\RPCRT4.dll
0x00007ffc54890000 - 0x00007ffc54898000 	C:\WINDOWS\System32\PSAPI.DLL
0x00007ffc4d610000 - 0x00007ffc4d619000 	C:\WINDOWS\SYSTEM32\WSOCK32.dll
0x00007ffc55820000 - 0x00007ffc5588b000 	C:\WINDOWS\System32\WS2_32.dll
0x00007ffc429c0000 - 0x00007ffc429e7000 	C:\WINDOWS\SYSTEM32\WINMM.dll
0x00007ffc49a50000 - 0x00007ffc49a5a000 	C:\WINDOWS\SYSTEM32\VERSION.dll
0x00007ffc51070000 - 0x00007ffc51082000 	C:\WINDOWS\SYSTEM32\kernel.appcore.dll
0x00007ffc339b0000 - 0x00007ffc339c0000 	C:\Program Files\AdoptOpenJDK\jdk-11.0.10.9-hotspot\bin\verify.dll
0x00007ffc3ba90000 - 0x00007ffc3bc74000 	C:\WINDOWS\SYSTEM32\DBGHELP.DLL
0x00007ffc3b7a0000 - 0x00007ffc3b7cc000 	C:\WINDOWS\SYSTEM32\dbgcore.DLL
0x00007ffc538e0000 - 0x00007ffc53962000 	C:\WINDOWS\System32\bcryptPrimitives.dll
0x00007ffc27570000 - 0x00007ffc27598000 	C:\Program Files\AdoptOpenJDK\jdk-11.0.10.9-hotspot\bin\java.dll
0x00007ffc31500000 - 0x00007ffc3150a000 	C:\Program Files\AdoptOpenJDK\jdk-11.0.10.9-hotspot\bin\jimage.dll
0x00007ffc4ed00000 - 0x00007ffc4ed0e000 	C:\Program Files\AdoptOpenJDK\jdk-11.0.10.9-hotspot\bin\instrument.dll
0x00007ffc260a0000 - 0x00007ffc260b7000 	C:\Program Files\AdoptOpenJDK\jdk-11.0.10.9-hotspot\bin\zip.dll
0x00007ffc53b80000 - 0x00007ffc542c4000 	C:\WINDOWS\System32\SHELL32.dll
0x00007ffc51270000 - 0x00007ffc51a04000 	C:\WINDOWS\SYSTEM32\windows.storage.dll
0x00007ffc554c0000 - 0x00007ffc55814000 	C:\WINDOWS\System32\combase.dll
0x00007ffc52bd0000 - 0x00007ffc52bfc000 	C:\WINDOWS\SYSTEM32\Wldp.dll
0x00007ffc54630000 - 0x00007ffc546dd000 	C:\WINDOWS\System32\SHCORE.dll
0x00007ffc54f50000 - 0x00007ffc54fa5000 	C:\WINDOWS\System32\shlwapi.dll
0x00007ffc530b0000 - 0x00007ffc530cf000 	C:\WINDOWS\SYSTEM32\profapi.dll
0x00007ffc25b90000 - 0x00007ffc25ba9000 	C:\Program Files\AdoptOpenJDK\jdk-11.0.10.9-hotspot\bin\net.dll
0x00007ffc4ada0000 - 0x00007ffc4aeaa000 	C:\WINDOWS\SYSTEM32\WINHTTP.dll
0x00007ffc52930000 - 0x00007ffc5299a000 	C:\WINDOWS\system32\mswsock.dll
0x00007ffc25670000 - 0x00007ffc25682000 	C:\Program Files\AdoptOpenJDK\jdk-11.0.10.9-hotspot\bin\nio.dll
0x00007ffc4c580000 - 0x00007ffc4c59a000 	C:\Program Files\JetBrains\IntelliJ IDEA Community Edition 2022.1.1\bin\breakgen64.dll
0x00007ffc52b20000 - 0x00007ffc52b38000 	C:\WINDOWS\SYSTEM32\CRYPTSP.dll
0x00007ffc52240000 - 0x00007ffc52274000 	C:\WINDOWS\system32\rsaenh.dll
0x00007ffc53390000 - 0x00007ffc533b7000 	C:\WINDOWS\System32\bcrypt.dll
0x00007ffc53030000 - 0x00007ffc5305e000 	C:\WINDOWS\SYSTEM32\USERENV.dll
0x00007ffc52b40000 - 0x00007ffc52b4c000 	C:\WINDOWS\SYSTEM32\CRYPTBASE.dll
0x00007ffc525d0000 - 0x00007ffc5260b000 	C:\WINDOWS\SYSTEM32\IPHLPAPI.DLL
0x00007ffc54560000 - 0x00007ffc54568000 	C:\WINDOWS\System32\NSI.dll
0x00007ffc440a0000 - 0x00007ffc440b7000 	C:\WINDOWS\SYSTEM32\dhcpcsvc6.DLL
0x00007ffc49820000 - 0x00007ffc4983d000 	C:\WINDOWS\SYSTEM32\dhcpcsvc.DLL
0x00007ffc52610000 - 0x00007ffc526db000 	C:\WINDOWS\SYSTEM32\DNSAPI.dll
0x00007ffc4d120000 - 0x00007ffc4d12e000 	C:\Program Files\AdoptOpenJDK\jdk-11.0.10.9-hotspot\bin\sunmscapi.dll
0x00007ffc53170000 - 0x00007ffc532c6000 	C:\WINDOWS\System32\CRYPT32.dll
0x00007ffc52c40000 - 0x00007ffc52c67000 	C:\WINDOWS\SYSTEM32\ncrypt.dll
0x00007ffc52c00000 - 0x00007ffc52c3b000 	C:\WINDOWS\SYSTEM32\NTASN1.dll
0x00007ffc4ab80000 - 0x00007ffc4aba5000 	C:\Program Files\AdoptOpenJDK\jdk-11.0.10.9-hotspot\bin\sunec.dll
0x00007ffc426d0000 - 0x00007ffc426da000 	C:\Windows\System32\rasadhlp.dll
0x00007ffc43010000 - 0x00007ffc43090000 	C:\WINDOWS\System32\fwpuclnt.dll
0x00007ffc4f050000 - 0x00007ffc4f059000 	C:\Program Files\AdoptOpenJDK\jdk-11.0.10.9-hotspot\bin\management.dll
0x00007ffc4f010000 - 0x00007ffc4f01b000 	C:\Program Files\AdoptOpenJDK\jdk-11.0.10.9-hotspot\bin\management_ext.dll
0x00007ffc43a30000 - 0x00007ffc43a47000 	C:\WINDOWS\system32\napinsp.dll
0x00007ffc4dfa0000 - 0x00007ffc4dfbb000 	C:\WINDOWS\system32\pnrpnsp.dll
0x00007ffc4e0e0000 - 0x00007ffc4e0f5000 	C:\WINDOWS\system32\wshbth.dll
0x00007ffc4ecb0000 - 0x00007ffc4eccd000 	C:\WINDOWS\system32\NLAapi.dll
0x00007ffc4eda0000 - 0x00007ffc4edb2000 	C:\WINDOWS\System32\winrnr.dll

dbghelp: loaded successfully - version: 4.0.5 - missing functions: none
symbol engine: initialized successfully - sym options: 0x614 - pdb path: .;C:\Program Files\AdoptOpenJDK\jdk-11.0.10.9-hotspot\bin;C:\WINDOWS\SYSTEM32;C:\WINDOWS\WinSxS\amd64_microsoft.windows.common-controls_6595b64144ccf1df_6.0.19041.1110_none_60b5254171f9507e;C:\Program Files\AdoptOpenJDK\jdk-11.0.10.9-hotspot\bin\server;C:\Program Files\JetBrains\IntelliJ IDEA Community Edition 2022.1.1\bin

VM Arguments:
jvm_args: -Dorg.jetbrains.run.directory=C:\Users\Lenovo\qebatch4\SCRUM-Team-2\src\test\resources\features -javaagent:C:\Program Files\JetBrains\IntelliJ IDEA Community Edition 2022.1.1\lib\idea_rt.jar=51491:C:\Program Files\JetBrains\IntelliJ IDEA Community Edition 2022.1.1\bin -Dfile.encoding=UTF-8 
java_command: io.cucumber.core.cli.Main --plugin org.jetbrains.plugins.cucumber.java.run.CucumberJvm5SMFormatter --name ^Cancel payment$ --glue starter.StepDefinition --glue net.serenitybdd.cucumber.actors C:/Users/Lenovo/qebatch4/SCRUM-Team-2/src/test/resources/features/checkoutpayment.feature
java_class_path (initial): C:\Users\Lenovo\qebatch4\SCRUM-Team-2\target\test-classes;C:\Users\Lenovo\.m2\repository\net\serenity-bdd\serenity-core\3.2.1\serenity-core-3.2.1.jar;C:\Users\Lenovo\.m2\repository\net\serenity-bdd\serenity-model\3.2.1\serenity-model-3.2.1.jar;C:\Users\Lenovo\.m2\repository\org\apache\commons\commons-text\1.9\commons-text-1.9.jar;C:\Users\Lenovo\.m2\repository\commons-net\commons-net\3.8.0\commons-net-3.8.0.jar;C:\Users\Lenovo\.m2\repository\com\google\guava\guava\31.1-jre\guava-31.1-jre.jar;C:\Users\Lenovo\.m2\repository\com\google\guava\failureaccess\1.0.1\failureaccess-1.0.1.jar;C:\Users\Lenovo\.m2\repository\com\google\guava\listenablefuture\9999.0-empty-to-avoid-conflict-with-guava\listenablefuture-9999.0-empty-to-avoid-conflict-with-guava.jar;C:\Users\Lenovo\.m2\repository\com\google\code\findbugs\jsr305\3.0.2\jsr305-3.0.2.jar;C:\Users\Lenovo\.m2\repository\org\checkerframework\checker-qual\3.12.0\checker-qual-3.12.0.jar;C:\Users\Lenovo\.m2\repository\com\google\errorprone\error_prone_annotations\2.11.0\error_prone_annotations-2.11.0.jar;C:\Users\Lenovo\.m2\repository\com\google\j2objc\j2objc-annotations\1.3\j2objc-annotations-1.3.jar;C:\Users\Lenovo\.m2\repository\com\google\inject\guice\5.1.0\guice-5.1.0.jar;C:\Users\Lenovo\.m2\repository\javax\inject\javax.inject\1\javax.inject-1.jar;C:\Users\Lenovo\.m2\repository\aopalliance\aopalliance\1.0\aopalliance-1.0.jar;C:\Users\Lenovo\.m2\repository\org\jsoup\jsoup\1.14.3\jsoup-1.14.3.jar;C:\Users\Lenovo\.m2\repository\com\thoughtworks\xstream\xstream\1.4.19\xstream-1.4.19.jar;C:\Users\Lenovo\.m2\repository\io\github\x-stream\mxparser\1.2.2\mxparser-1.2.2.jar;C:\Users\Lenovo\.m2\repository\xmlpull\xmlpull\1.1.3.1\xmlpull-1.1.3.1.jar;C:\Users\Lenovo\.m2\repository\io\cucumber\cucumber-java\7.2.3\cucumber-java-7.2.3.jar;C:\Users\Lenovo\.m2\repository\com\typesafe\config\1.4.2\config-1.4.2.jar;C:\Users\Lenovo\.m2\repository\org\imgscalr\imgscalr-lib\4.2\imgscalr-lib-4.2.jar;C:\Users\Lenovo
Launcher Type: SUN_STANDARD

[Global flags]
     intx CICompilerCount                          = 3                                         {product} {ergonomic}
     uint ConcGCThreads                            = 1                                         {product} {ergonomic}
     uint G1ConcRefinementThreads                  = 4                                         {product} {ergonomic}
   size_t G1HeapRegionSize                         = 1048576                                   {product} {ergonomic}
    uintx GCDrainStackTargetSize                   = 64                                        {product} {ergonomic}
   size_t InitialHeapSize                          = 67108864                                  {product} {ergonomic}
   size_t MarkStackSize                            = 4194304                                   {product} {ergonomic}
   size_t MaxHeapSize                              = 1048576000                                {product} {ergonomic}
   size_t MaxNewSize                               = 629145600                                 {product} {ergonomic}
   size_t MinHeapDeltaBytes                        = 1048576                                   {product} {ergonomic}
    uintx NonNMethodCodeHeapSize                   = 5830732                                {pd product} {ergonomic}
    uintx NonProfiledCodeHeapSize                  = 122913754                              {pd product} {ergonomic}
    uintx ProfiledCodeHeapSize                     = 122913754                              {pd product} {ergonomic}
    uintx ReservedCodeCacheSize                    = 251658240                              {pd product} {ergonomic}
     bool SegmentedCodeCache                       = true                                      {product} {ergonomic}
     bool UseCompressedClassPointers               = true                                 {lp64_product} {ergonomic}
     bool UseCompressedOops                        = true                                 {lp64_product} {ergonomic}
     bool UseG1GC                                  = true                                      {product} {ergonomic}
     bool UseLargePagesIndividualAllocation        = false                                  {pd product} {ergonomic}

Logging:
Log output configuration:
 #0: stdout all=warning uptime,level,tags
 #1: stderr all=off uptime,level,tags

Environment Variables:
JAVA_HOME=C:\Program Files\Java\jdk1.8.0_333\
PATH=C:\Program Files (x86)\Common Files\Oracle\Java\javapath;C:\Program Files\AdoptOpenJDK\jdk-11.0.10.9-hotspot\bin;C:\Users\Lenovo\AppData\Local\Programs\Python\Python39\Scripts\;C:\Users\Lenovo\AppData\Local\Programs\Python\Python39\;C:\Program Files (x86)\Common Files\Intel\Shared Libraries\redist\intel64\compiler;C:\Program Files (x86)\Intel\Intel(R) Management Engine Components\iCLS\;C:\Program Files\Intel\Intel(R) Management Engine Components\iCLS\;C:\WINDOWS\system32;C:\WINDOWS;C:\WINDOWS\System32\Wbem;C:\WINDOWS\System32\WindowsPowerShell\v1.0\;C:\WINDOWS\System32\OpenSSH\;C:\Program Files (x86)\Intel\Intel(R) Management Engine Components\DAL;C:\Program Files\Intel\Intel(R) Management Engine Components\DAL;C:\Program Files (x86)\Intel\Intel(R) Management Engine Components\IPT;C:\Program Files\Intel\Intel(R) Management Engine Components\IPT;C:\Program Files\nodejs\;C:\ProgramData\chocolatey\bin;C:\Users\Lenovo\AppData\Local\Programs\Python\Python39\Scripts;C:\Program Files\Java\jdk1.8.0_333\bin;C:\Program Files\Git\cmd;C:\Maven\bin\;C:\Program Files\MySQL\MySQL Server 5.7\bin\;C:\Users\Lenovo\AppData\Local\Microsoft\WindowsApps;C:\Users\Lenovo\AppData\Roaming\npm;C:\Users\Lenovo\AppData\Local\Programs\Python\Python39\Scripts\;C:\Users\Lenovo\AppData\Local\Programs\Python\Python39\Scripts;C:\Users\Lenovo\AppData\Local\Microsoft\WindowsApps;;C:\Program Files\JetBrains\IntelliJ IDEA 2022.1.1\bin;;C:\Program Files\JetBrains\IntelliJ IDEA Community Edition 2022.1.1\bin;
USERNAME=Lenovo
OS=Windows_NT
PROCESSOR_IDENTIFIER=Intel64 Family 6 Model 142 Stepping 9, GenuineIntel



---------------  S Y S T E M  ---------------

OS: Windows 10 , 64 bit Build 19041 (10.0.19041.1741)
OS uptime: 2 days 22:20 hours

CPU:total 4 (initial active 4) (2 cores per cpu, 2 threads per core) family 6 model 142 stepping 9 microcode 0xb4, cmov, cx8, fxsr, mmx, sse, sse2, sse3, ssse3, sse4.1, sse4.2, popcnt, avx, avx2, aes, clmul, erms, 3dnowpref, lzcnt, ht, tsc, tscinvbit, bmi1, bmi2, adx, fma

Memory: 4k page, system-wide physical 3996M (59M free)
TotalPageFile size 16284M (AvailPageFile size 3M)
current process WorkingSet (physical memory assigned to process): 165M, peak: 168M
current process commit charge ("private bytes"): 225M, peak: 225M

vm_info: OpenJDK 64-Bit Server VM (11.0.10+9) for windows-amd64 JRE (11.0.10+9), built on Jan 20 2021 06:07:07 by "" with MS VC++ 15.9 (VS2017)

END.
